CRITICAL - 2023-11-09 04:23:19 --> The framework needs the following extension(s) installed and loaded: intl.
in SYSTEMPATH\CodeIgniter.php on line 252.
 1 SYSTEMPATH\CodeIgniter.php(252): CodeIgniter\Exceptions\FrameworkException::forMissingExtension('intl')
 2 SYSTEMPATH\CodeIgniter.php(214): CodeIgniter\CodeIgniter->resolvePlatformExtensions()
 3 ROOTPATH\spark(88): CodeIgniter\CodeIgniter->initialize()
CRITICAL - 2023-11-09 04:23:20 --> Uncaught Error: Class "Locale" not found in C:\Users\Stackoverlow\Pictures\codeigniter4\system\I18n\TimeTrait.php:74
Stack trace:
#0 C:\Users\Stackoverlow\Pictures\codeigniter4\system\I18n\TimeTrait.php(115): CodeIgniter\I18n\Time->__construct(NULL, NULL, NULL)
#1 C:\Users\Stackoverlow\Pictures\codeigniter4\system\HTTP\ResponseTrait.php(468): CodeIgniter\I18n\Time::now()
#2 C:\Users\Stackoverlow\Pictures\codeigniter4\system\HTTP\ResponseTrait.php(446): CodeIgniter\HTTP\Response->sendHeaders()
#3 C:\Users\Stackoverlow\Pictures\codeigniter4\system\Debug\ExceptionHandler.php(81): CodeIgniter\HTTP\Response->send()
#4 C:\Users\Stackoverlow\Pictures\codeigniter4\system\Debug\Exceptions.php(149): CodeIgniter\Debug\ExceptionHandler->handle(Object(CodeIgniter\Exceptions\FrameworkException), Object(CodeIgniter\HTTP\IncomingRequest), Object(CodeIgniter\HTTP\Response), 500, 1)
#5 [internal function]: CodeIgniter\Debug\Exceptions->exceptionHandler(Object(CodeIgniter\Exceptions\FrameworkException))
#6 {main}
  thrown
【Previous Exception】
CodeIgniter\Exceptions\FrameworkException
The framework needs the following extension(s) installed and loaded: intl.
#0 C:\Users\Stackoverlow\Pictures\codeigniter4\system\CodeIgniter.php(252): CodeIgniter\Exceptions\FrameworkException::forMissingExtension('intl')
#1 C:\Users\Stackoverlow\Pictures\codeigniter4\system\CodeIgniter.php(214): CodeIgniter\CodeIgniter->resolvePlatformExtensions()
#2 C:\Users\Stackoverlow\Pictures\codeigniter4\spark(88): CodeIgniter\CodeIgniter->initialize()
#3 {main}
in SYSTEMPATH\I18n\TimeTrait.php on line 74.
 1 [internal function]: CodeIgniter\Debug\Exceptions->shutdownHandler()
CRITICAL - 2023-11-09 04:23:36 --> The framework needs the following extension(s) installed and loaded: intl.
in SYSTEMPATH\CodeIgniter.php on line 252.
 1 SYSTEMPATH\CodeIgniter.php(252): CodeIgniter\Exceptions\FrameworkException::forMissingExtension('intl')
 2 SYSTEMPATH\CodeIgniter.php(214): CodeIgniter\CodeIgniter->resolvePlatformExtensions()
 3 ROOTPATH\spark(88): CodeIgniter\CodeIgniter->initialize()
CRITICAL - 2023-11-09 04:23:36 --> Uncaught Error: Class "Locale" not found in C:\Users\Stackoverlow\Pictures\codeigniter4\system\I18n\TimeTrait.php:74
Stack trace:
#0 C:\Users\Stackoverlow\Pictures\codeigniter4\system\I18n\TimeTrait.php(115): CodeIgniter\I18n\Time->__construct(NULL, NULL, NULL)
#1 C:\Users\Stackoverlow\Pictures\codeigniter4\system\HTTP\ResponseTrait.php(468): CodeIgniter\I18n\Time::now()
#2 C:\Users\Stackoverlow\Pictures\codeigniter4\system\HTTP\ResponseTrait.php(446): CodeIgniter\HTTP\Response->sendHeaders()
#3 C:\Users\Stackoverlow\Pictures\codeigniter4\system\Debug\ExceptionHandler.php(81): CodeIgniter\HTTP\Response->send()
#4 C:\Users\Stackoverlow\Pictures\codeigniter4\system\Debug\Exceptions.php(149): CodeIgniter\Debug\ExceptionHandler->handle(Object(CodeIgniter\Exceptions\FrameworkException), Object(CodeIgniter\HTTP\IncomingRequest), Object(CodeIgniter\HTTP\Response), 500, 1)
#5 [internal function]: CodeIgniter\Debug\Exceptions->exceptionHandler(Object(CodeIgniter\Exceptions\FrameworkException))
#6 {main}
  thrown
【Previous Exception】
CodeIgniter\Exceptions\FrameworkException
The framework needs the following extension(s) installed and loaded: intl.
#0 C:\Users\Stackoverlow\Pictures\codeigniter4\system\CodeIgniter.php(252): CodeIgniter\Exceptions\FrameworkException::forMissingExtension('intl')
#1 C:\Users\Stackoverlow\Pictures\codeigniter4\system\CodeIgniter.php(214): CodeIgniter\CodeIgniter->resolvePlatformExtensions()
#2 C:\Users\Stackoverlow\Pictures\codeigniter4\spark(88): CodeIgniter\CodeIgniter->initialize()
#3 {main}
in SYSTEMPATH\I18n\TimeTrait.php on line 74.
 1 [internal function]: CodeIgniter\Debug\Exceptions->shutdownHandler()
CRITICAL - 2023-11-09 11:51:44 --> Invalid file: "viewPills.php"
in SYSTEMPATH\Exceptions\FrameworkException.php on line 39.
 1 SYSTEMPATH\View\View.php(216): CodeIgniter\Exceptions\FrameworkException::forInvalidFile('viewPills.php')
 2 SYSTEMPATH\Common.php(1190): CodeIgniter\View\View->render('viewPills', [], true)
 3 APPPATH\Controllers\Home.php(31): view('viewPills')
 4 SYSTEMPATH\CodeIgniter.php(942): App\Controllers\Home->viewPills()
 5 SYSTEMPATH\CodeIgniter.php(502): CodeIgniter\CodeIgniter->runController(Object(App\Controllers\Home))
 6 SYSTEMPATH\CodeIgniter.php(361): CodeIgniter\CodeIgniter->handleRequest(null, Object(Config\Cache), false)
 7 FCPATH\index.php(79): CodeIgniter\CodeIgniter->run()
 8 SYSTEMPATH\Commands\Server\rewrite.php(47): require_once('C:\\Users\\Stackoverlow\\Documents\\FIDELA\\website\\codeigniter4\\codeigniter4\\public\\index.php')
CRITICAL - 2023-11-09 11:52:08 --> Invalid file: "viewPills.php"
in SYSTEMPATH\Exceptions\FrameworkException.php on line 39.
 1 SYSTEMPATH\View\View.php(216): CodeIgniter\Exceptions\FrameworkException::forInvalidFile('viewPills.php')
 2 SYSTEMPATH\Common.php(1190): CodeIgniter\View\View->render('viewPills', [], true)
 3 APPPATH\Controllers\Home.php(31): view('viewPills')
 4 SYSTEMPATH\CodeIgniter.php(942): App\Controllers\Home->viewPills()
 5 SYSTEMPATH\CodeIgniter.php(502): CodeIgniter\CodeIgniter->runController(Object(App\Controllers\Home))
 6 SYSTEMPATH\CodeIgniter.php(361): CodeIgniter\CodeIgniter->handleRequest(null, Object(Config\Cache), false)
 7 FCPATH\index.php(79): CodeIgniter\CodeIgniter->run()
 8 SYSTEMPATH\Commands\Server\rewrite.php(47): require_once('C:\\Users\\Stackoverlow\\Documents\\FIDELA\\website\\codeigniter4\\codeigniter4\\public\\index.php')
CRITICAL - 2023-11-09 11:54:12 --> Undefined variable $jenis
in APPPATH\Views\viewPills.php on line 21.
 1 APPPATH\Views\viewPills.php(21): CodeIgniter\Debug\Exceptions->errorHandler(2, 'Undefined variable $jenis', 'C:\\Users\\Stackoverlow\\Documents\\FIDELA\\website\\codeigniter4\\codeigniter4\\app\\Views\\viewPills.php', 21)
 2 SYSTEMPATH\View\View.php(228): include('C:\\Users\\Stackoverlow\\Documents\\FIDELA\\website\\codeigniter4\\codeigniter4\\app\\Views\\viewPills.php')
 3 SYSTEMPATH\View\View.php(231): CodeIgniter\View\View->CodeIgniter\View\{closure}()
 4 SYSTEMPATH\Common.php(1190): CodeIgniter\View\View->render('viewPills', [], true)
 5 APPPATH\Controllers\Home.php(32): view('viewPills')
 6 SYSTEMPATH\CodeIgniter.php(942): App\Controllers\Home->viewPills()
 7 SYSTEMPATH\CodeIgniter.php(502): CodeIgniter\CodeIgniter->runController(Object(App\Controllers\Home))
 8 SYSTEMPATH\CodeIgniter.php(361): CodeIgniter\CodeIgniter->handleRequest(null, Object(Config\Cache), false)
 9 FCPATH\index.php(79): CodeIgniter\CodeIgniter->run()
10 SYSTEMPATH\Commands\Server\rewrite.php(47): require_once('C:\\Users\\Stackoverlow\\Documents\\FIDELA\\website\\codeigniter4\\codeigniter4\\public\\index.php')
CRITICAL - 2023-11-09 12:02:45 --> Undefined variable $jenis
in APPPATH\Views\viewPills.php on line 82.
 1 APPPATH\Views\viewPills.php(82): CodeIgniter\Debug\Exceptions->errorHandler(2, 'Undefined variable $jenis', 'C:\\Users\\Stackoverlow\\Documents\\FIDELA\\website\\codeigniter4\\codeigniter4\\app\\Views\\viewPills.php', 82)
 2 SYSTEMPATH\View\View.php(228): include('C:\\Users\\Stackoverlow\\Documents\\FIDELA\\website\\codeigniter4\\codeigniter4\\app\\Views\\viewPills.php')
 3 SYSTEMPATH\View\View.php(231): CodeIgniter\View\View->CodeIgniter\View\{closure}()
 4 SYSTEMPATH\Common.php(1190): CodeIgniter\View\View->render('viewPills', [], true)
 5 APPPATH\Controllers\Home.php(32): view('viewPills')
 6 SYSTEMPATH\CodeIgniter.php(942): App\Controllers\Home->viewPills()
 7 SYSTEMPATH\CodeIgniter.php(502): CodeIgniter\CodeIgniter->runController(Object(App\Controllers\Home))
 8 SYSTEMPATH\CodeIgniter.php(361): CodeIgniter\CodeIgniter->handleRequest(null, Object(Config\Cache), false)
 9 FCPATH\index.php(79): CodeIgniter\CodeIgniter->run()
10 SYSTEMPATH\Commands\Server\rewrite.php(47): require_once('C:\\Users\\Stackoverlow\\Documents\\FIDELA\\website\\codeigniter4\\codeigniter4\\public\\index.php')
CRITICAL - 2023-11-09 12:03:45 --> Undefined variable $jenis
in APPPATH\Views\viewPills.php on line 82.
 1 APPPATH\Views\viewPills.php(82): CodeIgniter\Debug\Exceptions->errorHandler(2, 'Undefined variable $jenis', 'C:\\Users\\Stackoverlow\\Documents\\FIDELA\\website\\codeigniter4\\codeigniter4\\app\\Views\\viewPills.php', 82)
 2 SYSTEMPATH\View\View.php(228): include('C:\\Users\\Stackoverlow\\Documents\\FIDELA\\website\\codeigniter4\\codeigniter4\\app\\Views\\viewPills.php')
 3 SYSTEMPATH\View\View.php(231): CodeIgniter\View\View->CodeIgniter\View\{closure}()
 4 SYSTEMPATH\Common.php(1190): CodeIgniter\View\View->render('viewPills', [], true)
 5 APPPATH\Controllers\Home.php(32): view('viewPills')
 6 SYSTEMPATH\CodeIgniter.php(942): App\Controllers\Home->viewPills()
 7 SYSTEMPATH\CodeIgniter.php(502): CodeIgniter\CodeIgniter->runController(Object(App\Controllers\Home))
 8 SYSTEMPATH\CodeIgniter.php(361): CodeIgniter\CodeIgniter->handleRequest(null, Object(Config\Cache), false)
 9 FCPATH\index.php(79): CodeIgniter\CodeIgniter->run()
10 SYSTEMPATH\Commands\Server\rewrite.php(47): require_once('C:\\Users\\Stackoverlow\\Documents\\FIDELA\\website\\codeigniter4\\codeigniter4\\public\\index.php')
