CRITICAL - 2023-11-10 02:52:55 --> Undefined variable $isi
in APPPATH\Views\Layout\v_content.php on line 2.
 1 APPPATH\Views\Layout\v_content.php(2): CodeIgniter\Debug\Exceptions->errorHandler(2, 'Undefined variable $isi', 'D:\\NITIP\\website\\codeigniter4-1\\codeigniter4\\codeigniter4\\app\\Views\\Layout\\v_content.php', 2)
 2 SYSTEMPATH\View\View.php(228): include('D:\\NITIP\\website\\codeigniter4-1\\codeigniter4\\codeigniter4\\app\\Views\\Layout\\v_content.php')
 3 SYSTEMPATH\View\View.php(231): CodeIgniter\View\View->CodeIgniter\View\{closure}()
 4 SYSTEMPATH\Common.php(1190): CodeIgniter\View\View->render('Layout/v_content', [], true)
 5 APPPATH\Views\Layout\v_wrapper.php(5): view('Layout/v_content')
 6 SYSTEMPATH\View\View.php(228): include('D:\\NITIP\\website\\codeigniter4-1\\codeigniter4\\codeigniter4\\app\\Views\\Layout\\v_wrapper.php')
 7 SYSTEMPATH\View\View.php(231): CodeIgniter\View\View->CodeIgniter\View\{closure}()
 8 SYSTEMPATH\Common.php(1190): CodeIgniter\View\View->render('Layout/v_wrapper', [], true)
 9 APPPATH\Controllers\Home.php(43): view('Layout/v_wrapper')
10 SYSTEMPATH\CodeIgniter.php(942): App\Controllers\Home->v_pills()
11 SYSTEMPATH\CodeIgniter.php(502): CodeIgniter\CodeIgniter->runController(Object(App\Controllers\Home))
12 SYSTEMPATH\CodeIgniter.php(361): CodeIgniter\CodeIgniter->handleRequest(null, Object(Config\Cache), false)
13 FCPATH\index.php(79): CodeIgniter\CodeIgniter->run()
14 SYSTEMPATH\Commands\Server\rewrite.php(47): require_once('D:\\NITIP\\website\\codeigniter4-1\\codeigniter4\\codeigniter4\\public\\index.php')
CRITICAL - 2023-11-10 02:55:46 --> Undefined variable $isi
in APPPATH\Views\Layout\v_content.php on line 2.
 1 APPPATH\Views\Layout\v_content.php(2): CodeIgniter\Debug\Exceptions->errorHandler(2, 'Undefined variable $isi', 'D:\\NITIP\\website\\codeigniter4-1\\codeigniter4\\codeigniter4\\app\\Views\\Layout\\v_content.php', 2)
 2 SYSTEMPATH\View\View.php(228): include('D:\\NITIP\\website\\codeigniter4-1\\codeigniter4\\codeigniter4\\app\\Views\\Layout\\v_content.php')
 3 SYSTEMPATH\View\View.php(231): CodeIgniter\View\View->CodeIgniter\View\{closure}()
 4 SYSTEMPATH\Common.php(1190): CodeIgniter\View\View->render('Layout/v_content', [], true)
 5 APPPATH\Views\Layout\v_wrapper.php(5): view('Layout/v_content')
 6 SYSTEMPATH\View\View.php(228): include('D:\\NITIP\\website\\codeigniter4-1\\codeigniter4\\codeigniter4\\app\\Views\\Layout\\v_wrapper.php')
 7 SYSTEMPATH\View\View.php(231): CodeIgniter\View\View->CodeIgniter\View\{closure}()
 8 SYSTEMPATH\Common.php(1190): CodeIgniter\View\View->render('Layout/v_wrapper', [], true)
 9 APPPATH\Controllers\Home.php(43): view('Layout/v_wrapper')
10 SYSTEMPATH\CodeIgniter.php(942): App\Controllers\Home->v_pills()
11 SYSTEMPATH\CodeIgniter.php(502): CodeIgniter\CodeIgniter->runController(Object(App\Controllers\Home))
12 SYSTEMPATH\CodeIgniter.php(361): CodeIgniter\CodeIgniter->handleRequest(null, Object(Config\Cache), false)
13 FCPATH\index.php(79): CodeIgniter\CodeIgniter->run()
14 SYSTEMPATH\Commands\Server\rewrite.php(47): require_once('D:\\NITIP\\website\\codeigniter4-1\\codeigniter4\\codeigniter4\\public\\index.php')
CRITICAL - 2023-11-10 02:56:00 --> Undefined variable $isi
in APPPATH\Views\Layout\v_content.php on line 2.
 1 APPPATH\Views\Layout\v_content.php(2): CodeIgniter\Debug\Exceptions->errorHandler(2, 'Undefined variable $isi', 'D:\\NITIP\\website\\codeigniter4-1\\codeigniter4\\codeigniter4\\app\\Views\\Layout\\v_content.php', 2)
 2 SYSTEMPATH\View\View.php(228): include('D:\\NITIP\\website\\codeigniter4-1\\codeigniter4\\codeigniter4\\app\\Views\\Layout\\v_content.php')
 3 SYSTEMPATH\View\View.php(231): CodeIgniter\View\View->CodeIgniter\View\{closure}()
 4 SYSTEMPATH\Common.php(1190): CodeIgniter\View\View->render('Layout/v_content', [], true)
 5 APPPATH\Views\Layout\v_wrapper.php(5): view('Layout/v_content')
 6 SYSTEMPATH\View\View.php(228): include('D:\\NITIP\\website\\codeigniter4-1\\codeigniter4\\codeigniter4\\app\\Views\\Layout\\v_wrapper.php')
 7 SYSTEMPATH\View\View.php(231): CodeIgniter\View\View->CodeIgniter\View\{closure}()
 8 SYSTEMPATH\Common.php(1190): CodeIgniter\View\View->render('Layout/v_wrapper', [], true)
 9 APPPATH\Controllers\Home.php(43): view('Layout/v_wrapper', [...])
10 SYSTEMPATH\CodeIgniter.php(942): App\Controllers\Home->v_pills()
11 SYSTEMPATH\CodeIgniter.php(502): CodeIgniter\CodeIgniter->runController(Object(App\Controllers\Home))
12 SYSTEMPATH\CodeIgniter.php(361): CodeIgniter\CodeIgniter->handleRequest(null, Object(Config\Cache), false)
13 FCPATH\index.php(79): CodeIgniter\CodeIgniter->run()
14 SYSTEMPATH\Commands\Server\rewrite.php(47): require_once('D:\\NITIP\\website\\codeigniter4-1\\codeigniter4\\codeigniter4\\public\\index.php')
CRITICAL - 2023-11-10 02:56:00 --> Undefined variable $isi
in APPPATH\Views\Layout\v_content.php on line 2.
 1 APPPATH\Views\Layout\v_content.php(2): CodeIgniter\Debug\Exceptions->errorHandler(2, 'Undefined variable $isi', 'D:\\NITIP\\website\\codeigniter4-1\\codeigniter4\\codeigniter4\\app\\Views\\Layout\\v_content.php', 2)
 2 SYSTEMPATH\View\View.php(228): include('D:\\NITIP\\website\\codeigniter4-1\\codeigniter4\\codeigniter4\\app\\Views\\Layout\\v_content.php')
 3 SYSTEMPATH\View\View.php(231): CodeIgniter\View\View->CodeIgniter\View\{closure}()
 4 SYSTEMPATH\Common.php(1190): CodeIgniter\View\View->render('Layout/v_content', [], true)
 5 APPPATH\Views\Layout\v_wrapper.php(5): view('Layout/v_content')
 6 SYSTEMPATH\View\View.php(228): include('D:\\NITIP\\website\\codeigniter4-1\\codeigniter4\\codeigniter4\\app\\Views\\Layout\\v_wrapper.php')
 7 SYSTEMPATH\View\View.php(231): CodeIgniter\View\View->CodeIgniter\View\{closure}()
 8 SYSTEMPATH\Common.php(1190): CodeIgniter\View\View->render('Layout/v_wrapper', [], true)
 9 APPPATH\Controllers\Home.php(43): view('Layout/v_wrapper', [...])
10 SYSTEMPATH\CodeIgniter.php(942): App\Controllers\Home->v_pills()
11 SYSTEMPATH\CodeIgniter.php(502): CodeIgniter\CodeIgniter->runController(Object(App\Controllers\Home))
12 SYSTEMPATH\CodeIgniter.php(361): CodeIgniter\CodeIgniter->handleRequest(null, Object(Config\Cache), false)
13 FCPATH\index.php(79): CodeIgniter\CodeIgniter->run()
14 SYSTEMPATH\Commands\Server\rewrite.php(47): require_once('D:\\NITIP\\website\\codeigniter4-1\\codeigniter4\\codeigniter4\\public\\index.php')
CRITICAL - 2023-11-10 02:56:14 --> Undefined variable $isi
in APPPATH\Views\Layout\v_content.php on line 2.
 1 APPPATH\Views\Layout\v_content.php(2): CodeIgniter\Debug\Exceptions->errorHandler(2, 'Undefined variable $isi', 'D:\\NITIP\\website\\codeigniter4-1\\codeigniter4\\codeigniter4\\app\\Views\\Layout\\v_content.php', 2)
 2 SYSTEMPATH\View\View.php(228): include('D:\\NITIP\\website\\codeigniter4-1\\codeigniter4\\codeigniter4\\app\\Views\\Layout\\v_content.php')
 3 SYSTEMPATH\View\View.php(231): CodeIgniter\View\View->CodeIgniter\View\{closure}()
 4 SYSTEMPATH\Common.php(1190): CodeIgniter\View\View->render('Layout/v_content', [], true)
 5 APPPATH\Views\Layout\v_wrapper.php(5): view('Layout/v_content')
 6 SYSTEMPATH\View\View.php(228): include('D:\\NITIP\\website\\codeigniter4-1\\codeigniter4\\codeigniter4\\app\\Views\\Layout\\v_wrapper.php')
 7 SYSTEMPATH\View\View.php(231): CodeIgniter\View\View->CodeIgniter\View\{closure}()
 8 SYSTEMPATH\Common.php(1190): CodeIgniter\View\View->render('Layout/v_wrapper', [], true)
 9 APPPATH\Controllers\Home.php(43): view('Layout/v_wrapper', [...])
10 SYSTEMPATH\CodeIgniter.php(942): App\Controllers\Home->v_pills()
11 SYSTEMPATH\CodeIgniter.php(502): CodeIgniter\CodeIgniter->runController(Object(App\Controllers\Home))
12 SYSTEMPATH\CodeIgniter.php(361): CodeIgniter\CodeIgniter->handleRequest(null, Object(Config\Cache), false)
13 FCPATH\index.php(79): CodeIgniter\CodeIgniter->run()
14 SYSTEMPATH\Commands\Server\rewrite.php(47): require_once('D:\\NITIP\\website\\codeigniter4-1\\codeigniter4\\codeigniter4\\public\\index.php')
CRITICAL - 2023-11-10 02:56:15 --> Undefined variable $isi
in APPPATH\Views\Layout\v_content.php on line 2.
 1 APPPATH\Views\Layout\v_content.php(2): CodeIgniter\Debug\Exceptions->errorHandler(2, 'Undefined variable $isi', 'D:\\NITIP\\website\\codeigniter4-1\\codeigniter4\\codeigniter4\\app\\Views\\Layout\\v_content.php', 2)
 2 SYSTEMPATH\View\View.php(228): include('D:\\NITIP\\website\\codeigniter4-1\\codeigniter4\\codeigniter4\\app\\Views\\Layout\\v_content.php')
 3 SYSTEMPATH\View\View.php(231): CodeIgniter\View\View->CodeIgniter\View\{closure}()
 4 SYSTEMPATH\Common.php(1190): CodeIgniter\View\View->render('Layout/v_content', [], true)
 5 APPPATH\Views\Layout\v_wrapper.php(5): view('Layout/v_content')
 6 SYSTEMPATH\View\View.php(228): include('D:\\NITIP\\website\\codeigniter4-1\\codeigniter4\\codeigniter4\\app\\Views\\Layout\\v_wrapper.php')
 7 SYSTEMPATH\View\View.php(231): CodeIgniter\View\View->CodeIgniter\View\{closure}()
 8 SYSTEMPATH\Common.php(1190): CodeIgniter\View\View->render('Layout/v_wrapper', [], true)
 9 APPPATH\Controllers\Home.php(43): view('Layout/v_wrapper', [...])
10 SYSTEMPATH\CodeIgniter.php(942): App\Controllers\Home->v_pills()
11 SYSTEMPATH\CodeIgniter.php(502): CodeIgniter\CodeIgniter->runController(Object(App\Controllers\Home))
12 SYSTEMPATH\CodeIgniter.php(361): CodeIgniter\CodeIgniter->handleRequest(null, Object(Config\Cache), false)
13 FCPATH\index.php(79): CodeIgniter\CodeIgniter->run()
14 SYSTEMPATH\Commands\Server\rewrite.php(47): require_once('D:\\NITIP\\website\\codeigniter4-1\\codeigniter4\\codeigniter4\\public\\index.php')
CRITICAL - 2023-11-10 02:56:25 --> Undefined variable $data
in APPPATH\Views\Layout\v_content.php on line 2.
 1 APPPATH\Views\Layout\v_content.php(2): CodeIgniter\Debug\Exceptions->errorHandler(2, 'Undefined variable $data', 'D:\\NITIP\\website\\codeigniter4-1\\codeigniter4\\codeigniter4\\app\\Views\\Layout\\v_content.php', 2)
 2 SYSTEMPATH\View\View.php(228): include('D:\\NITIP\\website\\codeigniter4-1\\codeigniter4\\codeigniter4\\app\\Views\\Layout\\v_content.php')
 3 SYSTEMPATH\View\View.php(231): CodeIgniter\View\View->CodeIgniter\View\{closure}()
 4 SYSTEMPATH\Common.php(1190): CodeIgniter\View\View->render('Layout/v_content', [], true)
 5 APPPATH\Views\Layout\v_wrapper.php(5): view('Layout/v_content')
 6 SYSTEMPATH\View\View.php(228): include('D:\\NITIP\\website\\codeigniter4-1\\codeigniter4\\codeigniter4\\app\\Views\\Layout\\v_wrapper.php')
 7 SYSTEMPATH\View\View.php(231): CodeIgniter\View\View->CodeIgniter\View\{closure}()
 8 SYSTEMPATH\Common.php(1190): CodeIgniter\View\View->render('Layout/v_wrapper', [], true)
 9 APPPATH\Controllers\Home.php(43): view('Layout/v_wrapper', [...])
10 SYSTEMPATH\CodeIgniter.php(942): App\Controllers\Home->v_pills()
11 SYSTEMPATH\CodeIgniter.php(502): CodeIgniter\CodeIgniter->runController(Object(App\Controllers\Home))
12 SYSTEMPATH\CodeIgniter.php(361): CodeIgniter\CodeIgniter->handleRequest(null, Object(Config\Cache), false)
13 FCPATH\index.php(79): CodeIgniter\CodeIgniter->run()
14 SYSTEMPATH\Commands\Server\rewrite.php(47): require_once('D:\\NITIP\\website\\codeigniter4-1\\codeigniter4\\codeigniter4\\public\\index.php')
CRITICAL - 2023-11-10 02:56:26 --> Undefined variable $data
in APPPATH\Views\Layout\v_content.php on line 2.
 1 APPPATH\Views\Layout\v_content.php(2): CodeIgniter\Debug\Exceptions->errorHandler(2, 'Undefined variable $data', 'D:\\NITIP\\website\\codeigniter4-1\\codeigniter4\\codeigniter4\\app\\Views\\Layout\\v_content.php', 2)
 2 SYSTEMPATH\View\View.php(228): include('D:\\NITIP\\website\\codeigniter4-1\\codeigniter4\\codeigniter4\\app\\Views\\Layout\\v_content.php')
 3 SYSTEMPATH\View\View.php(231): CodeIgniter\View\View->CodeIgniter\View\{closure}()
 4 SYSTEMPATH\Common.php(1190): CodeIgniter\View\View->render('Layout/v_content', [], true)
 5 APPPATH\Views\Layout\v_wrapper.php(5): view('Layout/v_content')
 6 SYSTEMPATH\View\View.php(228): include('D:\\NITIP\\website\\codeigniter4-1\\codeigniter4\\codeigniter4\\app\\Views\\Layout\\v_wrapper.php')
 7 SYSTEMPATH\View\View.php(231): CodeIgniter\View\View->CodeIgniter\View\{closure}()
 8 SYSTEMPATH\Common.php(1190): CodeIgniter\View\View->render('Layout/v_wrapper', [], true)
 9 APPPATH\Controllers\Home.php(43): view('Layout/v_wrapper', [...])
10 SYSTEMPATH\CodeIgniter.php(942): App\Controllers\Home->v_pills()
11 SYSTEMPATH\CodeIgniter.php(502): CodeIgniter\CodeIgniter->runController(Object(App\Controllers\Home))
12 SYSTEMPATH\CodeIgniter.php(361): CodeIgniter\CodeIgniter->handleRequest(null, Object(Config\Cache), false)
13 FCPATH\index.php(79): CodeIgniter\CodeIgniter->run()
14 SYSTEMPATH\Commands\Server\rewrite.php(47): require_once('D:\\NITIP\\website\\codeigniter4-1\\codeigniter4\\codeigniter4\\public\\index.php')
CRITICAL - 2023-11-10 02:56:26 --> Undefined variable $data
in APPPATH\Views\Layout\v_content.php on line 2.
 1 APPPATH\Views\Layout\v_content.php(2): CodeIgniter\Debug\Exceptions->errorHandler(2, 'Undefined variable $data', 'D:\\NITIP\\website\\codeigniter4-1\\codeigniter4\\codeigniter4\\app\\Views\\Layout\\v_content.php', 2)
 2 SYSTEMPATH\View\View.php(228): include('D:\\NITIP\\website\\codeigniter4-1\\codeigniter4\\codeigniter4\\app\\Views\\Layout\\v_content.php')
 3 SYSTEMPATH\View\View.php(231): CodeIgniter\View\View->CodeIgniter\View\{closure}()
 4 SYSTEMPATH\Common.php(1190): CodeIgniter\View\View->render('Layout/v_content', [], true)
 5 APPPATH\Views\Layout\v_wrapper.php(5): view('Layout/v_content')
 6 SYSTEMPATH\View\View.php(228): include('D:\\NITIP\\website\\codeigniter4-1\\codeigniter4\\codeigniter4\\app\\Views\\Layout\\v_wrapper.php')
 7 SYSTEMPATH\View\View.php(231): CodeIgniter\View\View->CodeIgniter\View\{closure}()
 8 SYSTEMPATH\Common.php(1190): CodeIgniter\View\View->render('Layout/v_wrapper', [], true)
 9 APPPATH\Controllers\Home.php(43): view('Layout/v_wrapper', [...])
10 SYSTEMPATH\CodeIgniter.php(942): App\Controllers\Home->v_pills()
11 SYSTEMPATH\CodeIgniter.php(502): CodeIgniter\CodeIgniter->runController(Object(App\Controllers\Home))
12 SYSTEMPATH\CodeIgniter.php(361): CodeIgniter\CodeIgniter->handleRequest(null, Object(Config\Cache), false)
13 FCPATH\index.php(79): CodeIgniter\CodeIgniter->run()
14 SYSTEMPATH\Commands\Server\rewrite.php(47): require_once('D:\\NITIP\\website\\codeigniter4-1\\codeigniter4\\codeigniter4\\public\\index.php')
CRITICAL - 2023-11-10 12:13:44 --> Undefined variable $jenis
in APPPATH\Views\Layout2\v_box.php on line 14.
 1 APPPATH\Views\Layout2\v_box.php(14): CodeIgniter\Debug\Exceptions->errorHandler(2, 'Undefined variable $jenis', 'E:\\tes\\UNICASE\\codeigniter4-1\\codeigniter4-1\\codeigniter4\\codeigniter4\\app\\Views\\Layout2\\v_box.php', 14)
 2 SYSTEMPATH\View\View.php(228): include('E:\\tes\\UNICASE\\codeigniter4-1\\codeigniter4-1\\codeigniter4\\codeigniter4\\app\\Views\\Layout2\\v_box.php')
 3 SYSTEMPATH\View\View.php(231): CodeIgniter\View\View->CodeIgniter\View\{closure}()
 4 SYSTEMPATH\Common.php(1190): CodeIgniter\View\View->render('Layout2/v_box', [], true)
 5 APPPATH\Views\Layout2\v_content.php(3): view('Layout2/v_box')
 6 SYSTEMPATH\View\View.php(228): include('E:\\tes\\UNICASE\\codeigniter4-1\\codeigniter4-1\\codeigniter4\\codeigniter4\\app\\Views\\Layout2\\v_content.php')
 7 SYSTEMPATH\View\View.php(231): CodeIgniter\View\View->CodeIgniter\View\{closure}()
 8 SYSTEMPATH\Common.php(1190): CodeIgniter\View\View->render('Layout2/v_content', [], true)
 9 APPPATH\Views\Layout2\v_wrapper.php(5): view('Layout2/v_content')
10 SYSTEMPATH\View\View.php(228): include('E:\\tes\\UNICASE\\codeigniter4-1\\codeigniter4-1\\codeigniter4\\codeigniter4\\app\\Views\\Layout2\\v_wrapper.php')
11 SYSTEMPATH\View\View.php(231): CodeIgniter\View\View->CodeIgniter\View\{closure}()
12 SYSTEMPATH\Common.php(1190): CodeIgniter\View\View->render('Layout2/v_wrapper', [], true)
13 APPPATH\Controllers\Home.php(54): view('Layout2/v_wrapper', [...])
14 SYSTEMPATH\CodeIgniter.php(942): App\Controllers\Home->v_box()
15 SYSTEMPATH\CodeIgniter.php(502): CodeIgniter\CodeIgniter->runController(Object(App\Controllers\Home))
16 SYSTEMPATH\CodeIgniter.php(361): CodeIgniter\CodeIgniter->handleRequest(null, Object(Config\Cache), false)
17 FCPATH\index.php(79): CodeIgniter\CodeIgniter->run()
18 SYSTEMPATH\Commands\Server\rewrite.php(47): require_once('E:\\tes\\UNICASE\\codeigniter4-1\\codeigniter4-1\\codeigniter4\\codeigniter4\\public\\index.php')
CRITICAL - 2023-11-10 12:46:24 --> Invalid file: "viewList.php"
in SYSTEMPATH\Exceptions\FrameworkException.php on line 39.
 1 SYSTEMPATH\View\View.php(216): CodeIgniter\Exceptions\FrameworkException::forInvalidFile('viewList.php')
 2 SYSTEMPATH\Common.php(1190): CodeIgniter\View\View->render('viewList', [], true)
 3 APPPATH\Controllers\Home.php(13): view('viewList', [...])
 4 SYSTEMPATH\CodeIgniter.php(942): App\Controllers\Home->index()
 5 SYSTEMPATH\CodeIgniter.php(502): CodeIgniter\CodeIgniter->runController(Object(App\Controllers\Home))
 6 SYSTEMPATH\CodeIgniter.php(361): CodeIgniter\CodeIgniter->handleRequest(null, Object(Config\Cache), false)
 7 FCPATH\index.php(79): CodeIgniter\CodeIgniter->run()
 8 SYSTEMPATH\Commands\Server\rewrite.php(47): require_once('E:\\tes\\TES\\UNICASE\\UNICASE\\public\\index.php')
